<?xml version="1.0" encoding="UTF-8"?>
<coverage generated="1786689940297" clover="3.2.0">
  <project timestamp="1786689940298" name="All files">
    <metrics statements="111" coveredstatements="90" conditionals="129" coveredconditionals="105" methods="64" coveredmethods="59" elements="304" coveredelements="254" complexity="0" loc="111" ncloc="111" packages="1" files="6" classes="6"/>
    <file name="cart.js" path="C:\xampp\htdocs\FitoScentsWEB\decants\assets\js\cart.js">
      <metrics statements="46" coveredstatements="25" conditionals="38" coveredconditionals="22" methods="24" coveredmethods="19"/>
      <line num="6" count="1" type="stmt"/>
      <line num="9" count="1" type="stmt"/>
      <line num="10" count="1" type="stmt"/>
      <line num="13" count="0" type="stmt"/>
      <line num="14" count="0" type="stmt"/>
      <line num="23" count="0" type="stmt"/>
      <line num="24" count="0" type="stmt"/>
      <line num="25" count="0" type="cond" truecount="0" falsecount="2"/>
      <line num="26" count="0" type="stmt"/>
      <line num="27" count="0" type="cond" truecount="0" falsecount="4"/>
      <line num="28" count="0" type="stmt"/>
      <line num="29" count="0" type="stmt"/>
      <line num="31" count="0" type="stmt"/>
      <line num="32" count="0" type="stmt"/>
      <line num="36" count="0" type="stmt"/>
      <line num="40" count="0" type="stmt"/>
      <line num="41" count="0" type="stmt"/>
      <line num="42" count="0" type="cond" truecount="0" falsecount="2"/>
      <line num="43" count="0" type="stmt"/>
      <line num="44" count="0" type="stmt"/>
      <line num="45" count="0" type="cond" truecount="0" falsecount="2"/>
      <line num="46" count="0" type="stmt"/>
      <line num="52" count="13" type="cond" truecount="4" falsecount="0"/>
      <line num="53" count="11" type="stmt"/>
      <line num="54" count="11" type="cond" truecount="2" falsecount="0"/>
      <line num="55" count="7" type="cond" truecount="2" falsecount="0"/>
      <line num="56" count="5" type="cond" truecount="1" falsecount="1"/>
      <line num="57" count="5" type="stmt"/>
      <line num="59" count="4" type="cond" truecount="1" falsecount="1"/>
      <line num="63" count="5" type="cond" truecount="2" falsecount="0"/>
      <line num="67" count="4" type="stmt"/>
      <line num="70" count="1" type="stmt"/>
      <line num="73" count="10" type="cond" truecount="3" falsecount="1"/>
      <line num="77" count="2" type="cond" truecount="1" falsecount="1"/>
      <line num="81" count="5" type="cond" truecount="2" falsecount="0"/>
      <line num="82" count="4" type="stmt"/>
      <line num="83" count="4" type="stmt"/>
      <line num="84" count="5" type="stmt"/>
      <line num="85" count="5" type="cond" truecount="2" falsecount="2"/>
      <line num="86" count="0" type="stmt"/>
      <line num="87" count="0" type="stmt"/>
      <line num="89" count="5" type="stmt"/>
      <line num="91" count="4" type="stmt"/>
      <line num="92" count="4" type="stmt"/>
      <line num="96" count="4" type="stmt"/>
      <line num="100" count="3" type="cond" truecount="2" falsecount="0"/>
    </file>
    <file name="clientes-util.js" path="C:\xampp\htdocs\FitoScentsWEB\decants\assets\js\clientes-util.js">
      <metrics statements="14" coveredstatements="14" conditionals="22" coveredconditionals="22" methods="3" coveredmethods="3"/>
      <line num="16" count="1" type="stmt"/>
      <line num="25" count="27" type="cond" truecount="2" falsecount="0"/>
      <line num="26" count="27" type="cond" truecount="2" falsecount="0"/>
      <line num="27" count="21" type="cond" truecount="2" falsecount="0"/>
      <line num="39" count="19" type="cond" truecount="2" falsecount="0"/>
      <line num="40" count="18" type="cond" truecount="2" falsecount="0"/>
      <line num="41" count="18" type="cond" truecount="2" falsecount="0"/>
      <line num="42" count="3" type="stmt"/>
      <line num="52" count="11" type="cond" truecount="2" falsecount="0"/>
      <line num="53" count="10" type="cond" truecount="2" falsecount="0"/>
      <line num="54" count="10" type="cond" truecount="2" falsecount="0"/>
      <line num="55" count="4" type="cond" truecount="2" falsecount="0"/>
      <line num="56" count="4" type="cond" truecount="2" falsecount="0"/>
      <line num="57" count="2" type="stmt"/>
    </file>
    <file name="hero.js" path="C:\xampp\htdocs\FitoScentsWEB\decants\assets\js\hero.js">
      <metrics statements="27" coveredstatements="27" conditionals="28" coveredconditionals="23" methods="24" coveredmethods="24"/>
      <line num="7" count="91" type="cond" truecount="4" falsecount="0"/>
      <line num="10" count="80" type="cond" truecount="3" falsecount="0"/>
      <line num="19" count="5" type="cond" truecount="2" falsecount="0"/>
      <line num="20" count="9" type="stmt"/>
      <line num="21" count="5" type="stmt"/>
      <line num="22" count="9" type="cond" truecount="1" falsecount="1"/>
      <line num="24" count="13" type="stmt"/>
      <line num="26" count="5" type="stmt"/>
      <line num="44" count="6" type="cond" truecount="2" falsecount="0"/>
      <line num="47" count="192" type="cond" truecount="2" falsecount="0"/>
      <line num="55" count="1" type="stmt"/>
      <line num="61" count="51" type="stmt"/>
      <line num="66" count="59" type="stmt"/>
      <line num="67" count="12" type="stmt"/>
      <line num="72" count="59" type="cond" truecount="1" falsecount="1"/>
      <line num="77" count="59" type="cond" truecount="1" falsecount="1"/>
      <line num="84" count="59" type="stmt"/>
      <line num="85" count="33" type="stmt"/>
      <line num="100" count="10" type="cond" truecount="2" falsecount="0"/>
      <line num="102" count="10" type="stmt"/>
      <line num="103" count="50" type="stmt"/>
      <line num="104" count="50" type="stmt"/>
      <line num="117" count="6" type="cond" truecount="2" falsecount="0"/>
      <line num="118" count="6" type="stmt"/>
      <line num="119" count="12" type="stmt"/>
      <line num="120" count="12" type="stmt"/>
      <line num="122" count="6" type="stmt"/>
    </file>
    <file name="lotes.js" path="C:\xampp\htdocs\FitoScentsWEB\decants\assets\js\lotes.js">
      <metrics statements="7" coveredstatements="7" conditionals="14" coveredconditionals="13" methods="5" coveredmethods="5"/>
      <line num="20" count="27" type="cond" truecount="4" falsecount="0"/>
      <line num="21" count="25" type="cond" truecount="2" falsecount="0"/>
      <line num="22" count="24" type="cond" truecount="2" falsecount="0"/>
      <line num="23" count="13" type="cond" truecount="2" falsecount="0"/>
      <line num="35" count="4" type="cond" truecount="1" falsecount="1"/>
      <line num="36" count="17" type="stmt"/>
      <line num="49" count="19" type="cond" truecount="2" falsecount="0"/>
    </file>
    <file name="precios.js" path="C:\xampp\htdocs\FitoScentsWEB\decants\assets\js\precios.js">
      <metrics statements="9" coveredstatements="9" conditionals="13" coveredconditionals="13" methods="1" coveredmethods="1"/>
      <line num="29" count="11" type="stmt"/>
      <line num="30" count="11" type="cond" truecount="4" falsecount="0"/>
      <line num="32" count="8" type="stmt"/>
      <line num="33" count="8" type="cond" truecount="2" falsecount="0"/>
      <line num="34" count="20" type="stmt"/>
      <line num="35" count="20" type="cond" truecount="5" falsecount="0"/>
      <line num="36" count="9" type="cond" truecount="2" falsecount="0"/>
      <line num="37" count="6" type="stmt"/>
      <line num="39" count="8" type="stmt"/>
    </file>
    <file name="stock.js" path="C:\xampp\htdocs\FitoScentsWEB\decants\assets\js\stock.js">
      <metrics statements="8" coveredstatements="8" conditionals="14" coveredconditionals="12" methods="7" coveredmethods="7"/>
      <line num="23" count="15" type="cond" truecount="2" falsecount="0"/>
      <line num="24" count="9" type="cond" truecount="2" falsecount="0"/>
      <line num="25" count="8" type="cond" truecount="2" falsecount="0"/>
      <line num="26" count="7" type="stmt"/>
      <line num="40" count="12" type="cond" truecount="2" falsecount="0"/>
      <line num="41" count="8" type="cond" truecount="2" falsecount="0"/>
      <line num="51" count="9" type="cond" truecount="1" falsecount="1"/>
      <line num="65" count="2" type="cond" truecount="1" falsecount="1"/>
    </file>
  </project>
</coverage>
