<?xml version="1.0" encoding="UTF-8"?>
<coverage generated="1785745165246" clover="3.2.0">
  <project timestamp="1785745165246" name="All files">
    <metrics statements="46" coveredstatements="25" conditionals="38" coveredconditionals="22" methods="24" coveredmethods="19" elements="108" coveredelements="66" complexity="0" loc="46" ncloc="46" packages="1" files="1" classes="1"/>
    <file name="cart.js" path="C:\xampp\htdocs\FitoScentsWEB\decants\assets\js\cart.js">
      <metrics statements="46" coveredstatements="25" conditionals="38" coveredconditionals="22" methods="24" coveredmethods="19"/>
      <line num="6" count="1" type="stmt"/>
      <line num="9" count="1" type="stmt"/>
      <line num="10" count="1" type="stmt"/>
      <line num="13" count="0" type="stmt"/>
      <line num="14" count="0" type="stmt"/>
      <line num="23" count="0" type="stmt"/>
      <line num="24" count="0" type="stmt"/>
      <line num="25" count="0" type="cond" truecount="0" falsecount="2"/>
      <line num="26" count="0" type="stmt"/>
      <line num="27" count="0" type="cond" truecount="0" falsecount="4"/>
      <line num="28" count="0" type="stmt"/>
      <line num="29" count="0" type="stmt"/>
      <line num="31" count="0" type="stmt"/>
      <line num="32" count="0" type="stmt"/>
      <line num="36" count="0" type="stmt"/>
      <line num="40" count="0" type="stmt"/>
      <line num="41" count="0" type="stmt"/>
      <line num="42" count="0" type="cond" truecount="0" falsecount="2"/>
      <line num="43" count="0" type="stmt"/>
      <line num="44" count="0" type="stmt"/>
      <line num="45" count="0" type="cond" truecount="0" falsecount="2"/>
      <line num="46" count="0" type="stmt"/>
      <line num="52" count="13" type="cond" truecount="4" falsecount="0"/>
      <line num="53" count="11" type="stmt"/>
      <line num="54" count="11" type="cond" truecount="2" falsecount="0"/>
      <line num="55" count="7" type="cond" truecount="2" falsecount="0"/>
      <line num="56" count="5" type="cond" truecount="1" falsecount="1"/>
      <line num="57" count="5" type="stmt"/>
      <line num="59" count="4" type="cond" truecount="1" falsecount="1"/>
      <line num="63" count="5" type="cond" truecount="2" falsecount="0"/>
      <line num="67" count="4" type="stmt"/>
      <line num="70" count="1" type="stmt"/>
      <line num="73" count="10" type="cond" truecount="3" falsecount="1"/>
      <line num="77" count="2" type="cond" truecount="1" falsecount="1"/>
      <line num="81" count="5" type="cond" truecount="2" falsecount="0"/>
      <line num="82" count="4" type="stmt"/>
      <line num="83" count="4" type="stmt"/>
      <line num="84" count="5" type="stmt"/>
      <line num="85" count="5" type="cond" truecount="2" falsecount="2"/>
      <line num="86" count="0" type="stmt"/>
      <line num="87" count="0" type="stmt"/>
      <line num="89" count="5" type="stmt"/>
      <line num="91" count="4" type="stmt"/>
      <line num="92" count="4" type="stmt"/>
      <line num="96" count="4" type="stmt"/>
      <line num="100" count="3" type="cond" truecount="2" falsecount="0"/>
    </file>
  </project>
</coverage>
