{"C:\\xampp\\htdocs\\FitoScentsWEB\\decants\\assets\\js\\cart.js": {"path":"C:\\xampp\\htdocs\\FitoScentsWEB\\decants\\assets\\js\\cart.js","statementMap":{"0":{"start":{"line":6,"column":23},"end":{"line":6,"column":24}},"1":{"start":{"line":9,"column":20},"end":{"line":9,"column":34}},"2":{"start":{"line":10,"column":20},"end":{"line":10,"column":34}},"3":{"start":{"line":13,"column":2},"end":{"line":19,"column":16}},"4":{"start":{"line":14,"column":4},"end":{"line":18,"column":8}},"5":{"start":{"line":23,"column":2},"end":{"line":32,"column":28}},"6":{"start":{"line":24,"column":16},"end":{"line":24,"column":46}},"7":{"start":{"line":25,"column":4},"end":{"line":25,"column":24}},"8":{"start":{"line":25,"column":14},"end":{"line":25,"column":24}},"9":{"start":{"line":26,"column":33},"end":{"line":26,"column":48}},"10":{"start":{"line":27,"column":4},"end":{"line":30,"column":5}},"11":{"start":{"line":28,"column":6},"end":{"line":28,"column":40}},"12":{"start":{"line":29,"column":6},"end":{"line":29,"column":16}},"13":{"start":{"line":31,"column":4},"end":{"line":31,"column":17}},"14":{"start":{"line":32,"column":16},"end":{"line":32,"column":26}},"15":{"start":{"line":36,"column":2},"end":{"line":36,"column":57}},"16":{"start":{"line":36,"column":8},"end":{"line":36,"column":42}},"17":{"start":{"line":40,"column":2},"end":{"line":46,"column":30}},"18":{"start":{"line":41,"column":16},"end":{"line":41,"column":46}},"19":{"start":{"line":42,"column":4},"end":{"line":42,"column":26}},"20":{"start":{"line":42,"column":14},"end":{"line":42,"column":26}},"21":{"start":{"line":43,"column":26},"end":{"line":43,"column":41}},"22":{"start":{"line":44,"column":22},"end":{"line":44,"column":65}},"23":{"start":{"line":45,"column":4},"end":{"line":45,"column":44}},"24":{"start":{"line":46,"column":16},"end":{"line":46,"column":28}},"25":{"start":{"line":52,"column":2},"end":{"line":52,"column":83}},"26":{"start":{"line":52,"column":29},"end":{"line":52,"column":83}},"27":{"start":{"line":53,"column":14},"end":{"line":53,"column":53}},"28":{"start":{"line":53,"column":34},"end":{"line":53,"column":52}},"29":{"start":{"line":54,"column":2},"end":{"line":58,"column":3}},"30":{"start":{"line":55,"column":4},"end":{"line":55,"column":83}},"31":{"start":{"line":55,"column":34},"end":{"line":55,"column":83}},"32":{"start":{"line":56,"column":20},"end":{"line":56,"column":80}},"33":{"start":{"line":56,"column":39},"end":{"line":56,"column":79}},"34":{"start":{"line":57,"column":4},"end":{"line":57,"column":69}},"35":{"start":{"line":59,"column":2},"end":{"line":59,"column":89}},"36":{"start":{"line":63,"column":2},"end":{"line":63,"column":92}},"37":{"start":{"line":63,"column":23},"end":{"line":63,"column":67}},"38":{"start":{"line":63,"column":81},"end":{"line":63,"column":90}},"39":{"start":{"line":67,"column":2},"end":{"line":67,"column":41}},"40":{"start":{"line":67,"column":26},"end":{"line":67,"column":39}},"41":{"start":{"line":70,"column":30},"end":{"line":70,"column":40}},"42":{"start":{"line":73,"column":2},"end":{"line":73,"column":81}},"43":{"start":{"line":73,"column":33},"end":{"line":73,"column":76}},"44":{"start":{"line":77,"column":2},"end":{"line":77,"column":56}},"45":{"start":{"line":77,"column":33},"end":{"line":77,"column":51}},"46":{"start":{"line":81,"column":2},"end":{"line":81,"column":32}},"47":{"start":{"line":81,"column":20},"end":{"line":81,"column":32}},"48":{"start":{"line":82,"column":16},"end":{"line":82,"column":31}},"49":{"start":{"line":83,"column":16},"end":{"line":90,"column":15}},"50":{"start":{"line":84,"column":15},"end":{"line":84,"column":117}},"51":{"start":{"line":85,"column":4},"end":{"line":88,"column":5}},"52":{"start":{"line":86,"column":20},"end":{"line":86,"column":63}},"53":{"start":{"line":86,"column":43},"end":{"line":86,"column":51}},"54":{"start":{"line":87,"column":6},"end":{"line":87,"column":33}},"55":{"start":{"line":89,"column":4},"end":{"line":89,"column":16}},"56":{"start":{"line":91,"column":16},"end":{"line":91,"column":147}},"57":{"start":{"line":92,"column":2},"end":{"line":92,"column":69}},"58":{"start":{"line":96,"column":2},"end":{"line":96,"column":43}},"59":{"start":{"line":96,"column":31},"end":{"line":96,"column":35}},"60":{"start":{"line":100,"column":2},"end":{"line":100,"column":49}},"61":{"start":{"line":100,"column":24},"end":{"line":100,"column":37}}},"fnMap":{"0":{"name":"saveCart","decl":{"start":{"line":12,"column":16},"end":{"line":12,"column":24}},"loc":{"start":{"line":12,"column":31},"end":{"line":20,"column":1}},"line":12},"1":{"name":"loadCart","decl":{"start":{"line":22,"column":16},"end":{"line":22,"column":24}},"loc":{"start":{"line":22,"column":27},"end":{"line":33,"column":1}},"line":22},"2":{"name":"clearSavedCart","decl":{"start":{"line":35,"column":16},"end":{"line":35,"column":30}},"loc":{"start":{"line":35,"column":33},"end":{"line":37,"column":1}},"line":35},"3":{"name":"cartExpiresInMinutes","decl":{"start":{"line":39,"column":16},"end":{"line":39,"column":36}},"loc":{"start":{"line":39,"column":39},"end":{"line":47,"column":1}},"line":39},"4":{"name":"addItem","decl":{"start":{"line":51,"column":16},"end":{"line":51,"column":23}},"loc":{"start":{"line":51,"column":36},"end":{"line":60,"column":1}},"line":51},"5":{"name":"(anonymous_5)","decl":{"start":{"line":53,"column":29},"end":{"line":53,"column":30}},"loc":{"start":{"line":53,"column":34},"end":{"line":53,"column":52}},"line":53},"6":{"name":"(anonymous_6)","decl":{"start":{"line":56,"column":29},"end":{"line":56,"column":30}},"loc":{"start":{"line":56,"column":39},"end":{"line":56,"column":79}},"line":56},"7":{"name":"decrementItem","decl":{"start":{"line":62,"column":16},"end":{"line":62,"column":29}},"loc":{"start":{"line":62,"column":41},"end":{"line":64,"column":1}},"line":62},"8":{"name":"(anonymous_8)","decl":{"start":{"line":63,"column":18},"end":{"line":63,"column":19}},"loc":{"start":{"line":63,"column":23},"end":{"line":63,"column":67}},"line":63},"9":{"name":"(anonymous_9)","decl":{"start":{"line":63,"column":76},"end":{"line":63,"column":77}},"loc":{"start":{"line":63,"column":81},"end":{"line":63,"column":90}},"line":63},"10":{"name":"removeItem","decl":{"start":{"line":66,"column":16},"end":{"line":66,"column":26}},"loc":{"start":{"line":66,"column":38},"end":{"line":68,"column":1}},"line":66},"11":{"name":"(anonymous_11)","decl":{"start":{"line":67,"column":21},"end":{"line":67,"column":22}},"loc":{"start":{"line":67,"column":26},"end":{"line":67,"column":39}},"line":67},"12":{"name":"clearCart","decl":{"start":{"line":70,"column":16},"end":{"line":70,"column":25}},"loc":{"start":{"line":70,"column":28},"end":{"line":70,"column":42}},"line":70},"13":{"name":"calcTotal","decl":{"start":{"line":72,"column":16},"end":{"line":72,"column":25}},"loc":{"start":{"line":72,"column":32},"end":{"line":74,"column":1}},"line":72},"14":{"name":"(anonymous_14)","decl":{"start":{"line":73,"column":21},"end":{"line":73,"column":22}},"loc":{"start":{"line":73,"column":33},"end":{"line":73,"column":76}},"line":73},"15":{"name":"totalUnits","decl":{"start":{"line":76,"column":16},"end":{"line":76,"column":26}},"loc":{"start":{"line":76,"column":33},"end":{"line":78,"column":1}},"line":76},"16":{"name":"(anonymous_16)","decl":{"start":{"line":77,"column":21},"end":{"line":77,"column":22}},"loc":{"start":{"line":77,"column":33},"end":{"line":77,"column":51}},"line":77},"17":{"name":"buildWhatsAppURL","decl":{"start":{"line":80,"column":16},"end":{"line":80,"column":32}},"loc":{"start":{"line":80,"column":49},"end":{"line":93,"column":1}},"line":80},"18":{"name":"(anonymous_18)","decl":{"start":{"line":83,"column":25},"end":{"line":83,"column":26}},"loc":{"start":{"line":83,"column":30},"end":{"line":90,"column":3}},"line":83},"19":{"name":"(anonymous_19)","decl":{"start":{"line":86,"column":38},"end":{"line":86,"column":39}},"loc":{"start":{"line":86,"column":43},"end":{"line":86,"column":51}},"line":86},"20":{"name":"countUniqueProducts","decl":{"start":{"line":95,"column":16},"end":{"line":95,"column":35}},"loc":{"start":{"line":95,"column":42},"end":{"line":97,"column":1}},"line":95},"21":{"name":"(anonymous_21)","decl":{"start":{"line":96,"column":26},"end":{"line":96,"column":27}},"loc":{"start":{"line":96,"column":31},"end":{"line":96,"column":35}},"line":96},"22":{"name":"getItemQty","decl":{"start":{"line":99,"column":16},"end":{"line":99,"column":26}},"loc":{"start":{"line":99,"column":38},"end":{"line":101,"column":1}},"line":99},"23":{"name":"(anonymous_23)","decl":{"start":{"line":100,"column":19},"end":{"line":100,"column":20}},"loc":{"start":{"line":100,"column":24},"end":{"line":100,"column":37}},"line":100}},"branchMap":{"0":{"loc":{"start":{"line":25,"column":4},"end":{"line":25,"column":24}},"type":"if","locations":[{"start":{"line":25,"column":4},"end":{"line":25,"column":24}},{"start":{},"end":{}}],"line":25},"1":{"loc":{"start":{"line":27,"column":4},"end":{"line":30,"column":5}},"type":"if","locations":[{"start":{"line":27,"column":4},"end":{"line":30,"column":5}},{"start":{},"end":{}}],"line":27},"2":{"loc":{"start":{"line":27,"column":8},"end":{"line":27,"column":55}},"type":"binary-expr","locations":[{"start":{"line":27,"column":8},"end":{"line":27,"column":29}},{"start":{"line":27,"column":33},"end":{"line":27,"column":55}}],"line":27},"3":{"loc":{"start":{"line":42,"column":4},"end":{"line":42,"column":26}},"type":"if","locations":[{"start":{"line":42,"column":4},"end":{"line":42,"column":26}},{"start":{},"end":{}}],"line":42},"4":{"loc":{"start":{"line":45,"column":11},"end":{"line":45,"column":43}},"type":"cond-expr","locations":[{"start":{"line":45,"column":27},"end":{"line":45,"column":36}},{"start":{"line":45,"column":39},"end":{"line":45,"column":43}}],"line":45},"5":{"loc":{"start":{"line":52,"column":2},"end":{"line":52,"column":83}},"type":"if","locations":[{"start":{"line":52,"column":2},"end":{"line":52,"column":83}},{"start":{},"end":{}}],"line":52},"6":{"loc":{"start":{"line":52,"column":6},"end":{"line":52,"column":27}},"type":"binary-expr","locations":[{"start":{"line":52,"column":6},"end":{"line":52,"column":15}},{"start":{"line":52,"column":19},"end":{"line":52,"column":27}}],"line":52},"7":{"loc":{"start":{"line":54,"column":2},"end":{"line":58,"column":3}},"type":"if","locations":[{"start":{"line":54,"column":2},"end":{"line":58,"column":3}},{"start":{},"end":{}}],"line":54},"8":{"loc":{"start":{"line":55,"column":4},"end":{"line":55,"column":83}},"type":"if","locations":[{"start":{"line":55,"column":4},"end":{"line":55,"column":83}},{"start":{},"end":{}}],"line":55},"9":{"loc":{"start":{"line":56,"column":39},"end":{"line":56,"column":79}},"type":"cond-expr","locations":[{"start":{"line":56,"column":51},"end":{"line":56,"column":75}},{"start":{"line":56,"column":78},"end":{"line":56,"column":79}}],"line":56},"10":{"loc":{"start":{"line":59,"column":43},"end":{"line":59,"column":56}},"type":"binary-expr","locations":[{"start":{"line":59,"column":43},"end":{"line":59,"column":51}},{"start":{"line":59,"column":55},"end":{"line":59,"column":56}}],"line":59},"11":{"loc":{"start":{"line":63,"column":23},"end":{"line":63,"column":67}},"type":"cond-expr","locations":[{"start":{"line":63,"column":39},"end":{"line":63,"column":63}},{"start":{"line":63,"column":66},"end":{"line":63,"column":67}}],"line":63},"12":{"loc":{"start":{"line":73,"column":40},"end":{"line":73,"column":60}},"type":"binary-expr","locations":[{"start":{"line":73,"column":40},"end":{"line":73,"column":55}},{"start":{"line":73,"column":59},"end":{"line":73,"column":60}}],"line":73},"13":{"loc":{"start":{"line":73,"column":65},"end":{"line":73,"column":75}},"type":"binary-expr","locations":[{"start":{"line":73,"column":65},"end":{"line":73,"column":70}},{"start":{"line":73,"column":74},"end":{"line":73,"column":75}}],"line":73},"14":{"loc":{"start":{"line":77,"column":40},"end":{"line":77,"column":50}},"type":"binary-expr","locations":[{"start":{"line":77,"column":40},"end":{"line":77,"column":45}},{"start":{"line":77,"column":49},"end":{"line":77,"column":50}}],"line":77},"15":{"loc":{"start":{"line":81,"column":2},"end":{"line":81,"column":32}},"type":"if","locations":[{"start":{"line":81,"column":2},"end":{"line":81,"column":32}},{"start":{},"end":{}}],"line":81},"16":{"loc":{"start":{"line":85,"column":4},"end":{"line":88,"column":5}},"type":"if","locations":[{"start":{"line":85,"column":4},"end":{"line":88,"column":5}},{"start":{},"end":{}}],"line":85},"17":{"loc":{"start":{"line":85,"column":8},"end":{"line":85,"column":45}},"type":"binary-expr","locations":[{"start":{"line":85,"column":8},"end":{"line":85,"column":21}},{"start":{"line":85,"column":25},"end":{"line":85,"column":45}}],"line":85},"18":{"loc":{"start":{"line":100,"column":9},"end":{"line":100,"column":48}},"type":"binary-expr","locations":[{"start":{"line":100,"column":9},"end":{"line":100,"column":43}},{"start":{"line":100,"column":47},"end":{"line":100,"column":48}}],"line":100}},"s":{"0":1,"1":1,"2":1,"3":0,"4":0,"5":0,"6":0,"7":0,"8":0,"9":0,"10":0,"11":0,"12":0,"13":0,"14":0,"15":0,"16":0,"17":0,"18":0,"19":0,"20":0,"21":0,"22":0,"23":0,"24":0,"25":13,"26":2,"27":11,"28":9,"29":11,"30":7,"31":2,"32":5,"33":5,"34":5,"35":4,"36":4,"37":5,"38":5,"39":3,"40":4,"41":1,"42":8,"43":10,"44":2,"45":2,"46":5,"47":1,"48":4,"49":4,"50":5,"51":5,"52":0,"53":0,"54":0,"55":5,"56":4,"57":4,"58":3,"59":4,"60":3,"61":2},"f":{"0":0,"1":0,"2":0,"3":0,"4":13,"5":9,"6":5,"7":4,"8":5,"9":5,"10":3,"11":4,"12":1,"13":8,"14":10,"15":2,"16":2,"17":5,"18":5,"19":0,"20":3,"21":4,"22":3,"23":2},"b":{"0":[0,0],"1":[0,0],"2":[0,0],"3":[0,0],"4":[0,0],"5":[2,11],"6":[13,12],"7":[7,4],"8":[2,5],"9":[5,0],"10":[4,0],"11":[4,1],"12":[10,1],"13":[10,0],"14":[2,0],"15":[1,4],"16":[0,5],"17":[5,0],"18":[3,2]},"inputSourceMap":null,"_coverageSchema":"1a1c01bbd47fc00a2c39e90264f33305004495a9","hash":"350e2d9aa52447c0a23c42bc243485eb396625c8"}
,"C:\\xampp\\htdocs\\FitoScentsWEB\\decants\\assets\\js\\clientes-util.js": {"path":"C:\\xampp\\htdocs\\FitoScentsWEB\\decants\\assets\\js\\clientes-util.js","statementMap":{"0":{"start":{"line":16,"column":20},"end":{"line":16,"column":38}},"1":{"start":{"line":25,"column":12},"end":{"line":25,"column":47}},"2":{"start":{"line":26,"column":2},"end":{"line":26,"column":22}},"3":{"start":{"line":26,"column":10},"end":{"line":26,"column":22}},"4":{"start":{"line":27,"column":2},"end":{"line":27,"column":61}},"5":{"start":{"line":39,"column":2},"end":{"line":39,"column":26}},"6":{"start":{"line":39,"column":14},"end":{"line":39,"column":26}},"7":{"start":{"line":40,"column":13},"end":{"line":40,"column":43}},"8":{"start":{"line":41,"column":2},"end":{"line":41,"column":38}},"9":{"start":{"line":41,"column":10},"end":{"line":41,"column":38}},"10":{"start":{"line":42,"column":2},"end":{"line":42,"column":41}},"11":{"start":{"line":52,"column":2},"end":{"line":52,"column":26}},"12":{"start":{"line":52,"column":14},"end":{"line":52,"column":26}},"13":{"start":{"line":53,"column":13},"end":{"line":53,"column":43}},"14":{"start":{"line":54,"column":2},"end":{"line":54,"column":20}},"15":{"start":{"line":54,"column":10},"end":{"line":54,"column":20}},"16":{"start":{"line":55,"column":17},"end":{"line":55,"column":45}},"17":{"start":{"line":56,"column":2},"end":{"line":56,"column":44}},"18":{"start":{"line":56,"column":32},"end":{"line":56,"column":44}},"19":{"start":{"line":57,"column":2},"end":{"line":57,"column":67}}},"fnMap":{"0":{"name":"esNombreGenerico","decl":{"start":{"line":24,"column":16},"end":{"line":24,"column":32}},"loc":{"start":{"line":24,"column":41},"end":{"line":28,"column":1}},"line":24},"1":{"name":"esClienteTemporal","decl":{"start":{"line":38,"column":16},"end":{"line":38,"column":33}},"loc":{"start":{"line":38,"column":41},"end":{"line":43,"column":1}},"line":38},"2":{"name":"claveCliente","decl":{"start":{"line":51,"column":16},"end":{"line":51,"column":28}},"loc":{"start":{"line":51,"column":36},"end":{"line":58,"column":1}},"line":51}},"branchMap":{"0":{"loc":{"start":{"line":25,"column":13},"end":{"line":25,"column":25}},"type":"binary-expr","locations":[{"start":{"line":25,"column":13},"end":{"line":25,"column":19}},{"start":{"line":25,"column":23},"end":{"line":25,"column":25}}],"line":25},"1":{"loc":{"start":{"line":26,"column":2},"end":{"line":26,"column":22}},"type":"if","locations":[{"start":{"line":26,"column":2},"end":{"line":26,"column":22}},{"start":{},"end":{}}],"line":26},"2":{"loc":{"start":{"line":27,"column":9},"end":{"line":27,"column":60}},"type":"binary-expr","locations":[{"start":{"line":27,"column":9},"end":{"line":27,"column":28}},{"start":{"line":27,"column":32},"end":{"line":27,"column":60}}],"line":27},"3":{"loc":{"start":{"line":39,"column":2},"end":{"line":39,"column":26}},"type":"if","locations":[{"start":{"line":39,"column":2},"end":{"line":39,"column":26}},{"start":{},"end":{}}],"line":39},"4":{"loc":{"start":{"line":40,"column":14},"end":{"line":40,"column":35}},"type":"binary-expr","locations":[{"start":{"line":40,"column":14},"end":{"line":40,"column":29}},{"start":{"line":40,"column":33},"end":{"line":40,"column":35}}],"line":40},"5":{"loc":{"start":{"line":41,"column":2},"end":{"line":41,"column":38}},"type":"if","locations":[{"start":{"line":41,"column":2},"end":{"line":41,"column":38}},{"start":{},"end":{}}],"line":41},"6":{"loc":{"start":{"line":52,"column":2},"end":{"line":52,"column":26}},"type":"if","locations":[{"start":{"line":52,"column":2},"end":{"line":52,"column":26}},{"start":{},"end":{}}],"line":52},"7":{"loc":{"start":{"line":53,"column":14},"end":{"line":53,"column":35}},"type":"binary-expr","locations":[{"start":{"line":53,"column":14},"end":{"line":53,"column":29}},{"start":{"line":53,"column":33},"end":{"line":53,"column":35}}],"line":53},"8":{"loc":{"start":{"line":54,"column":2},"end":{"line":54,"column":20}},"type":"if","locations":[{"start":{"line":54,"column":2},"end":{"line":54,"column":20}},{"start":{},"end":{}}],"line":54},"9":{"loc":{"start":{"line":55,"column":18},"end":{"line":55,"column":37}},"type":"binary-expr","locations":[{"start":{"line":55,"column":18},"end":{"line":55,"column":31}},{"start":{"line":55,"column":35},"end":{"line":55,"column":37}}],"line":55},"10":{"loc":{"start":{"line":56,"column":2},"end":{"line":56,"column":44}},"type":"if","locations":[{"start":{"line":56,"column":2},"end":{"line":56,"column":44}},{"start":{},"end":{}}],"line":56}},"s":{"0":1,"1":27,"2":27,"3":6,"4":21,"5":19,"6":1,"7":18,"8":18,"9":15,"10":3,"11":11,"12":1,"13":10,"14":10,"15":6,"16":4,"17":4,"18":2,"19":2},"f":{"0":27,"1":19,"2":11},"b":{"0":[27,5],"1":[6,21],"2":[21,12],"3":[1,18],"4":[18,3],"5":[15,3],"6":[1,10],"7":[10,4],"8":[6,4],"9":[4,1],"10":[2,2]},"inputSourceMap":null,"_coverageSchema":"1a1c01bbd47fc00a2c39e90264f33305004495a9","hash":"d878aad6c84cf57cc741ec33e76e648f1e1072ab"}
,"C:\\xampp\\htdocs\\FitoScentsWEB\\decants\\assets\\js\\hero.js": {"path":"C:\\xampp\\htdocs\\FitoScentsWEB\\decants\\assets\\js\\hero.js","statementMap":{"0":{"start":{"line":7,"column":18},"end":{"line":7,"column":92}},"1":{"start":{"line":7,"column":23},"end":{"line":7,"column":92}},"2":{"start":{"line":10,"column":18},"end":{"line":10,"column":78}},"3":{"start":{"line":10,"column":23},"end":{"line":10,"column":78}},"4":{"start":{"line":19,"column":19},"end":{"line":19,"column":72}},"5":{"start":{"line":20,"column":17},"end":{"line":20,"column":68}},"6":{"start":{"line":20,"column":43},"end":{"line":20,"column":50}},"7":{"start":{"line":21,"column":18},"end":{"line":24,"column":23}},"8":{"start":{"line":22,"column":18},"end":{"line":22,"column":48}},"9":{"start":{"line":24,"column":17},"end":{"line":24,"column":22}},"10":{"start":{"line":26,"column":2},"end":{"line":30,"column":4}},"11":{"start":{"line":44,"column":2},"end":{"line":44,"column":75}},"12":{"start":{"line":47,"column":12},"end":{"line":47,"column":31}},"13":{"start":{"line":47,"column":17},"end":{"line":47,"column":31}},"14":{"start":{"line":55,"column":21},"end":{"line":87,"column":1}},"15":{"start":{"line":61,"column":18},"end":{"line":61,"column":71}},"16":{"start":{"line":61,"column":41},"end":{"line":61,"column":70}},"17":{"start":{"line":66,"column":18},"end":{"line":67,"column":88}},"18":{"start":{"line":66,"column":33},"end":{"line":66,"column":51}},"19":{"start":{"line":67,"column":36},"end":{"line":67,"column":87}},"20":{"start":{"line":72,"column":18},"end":{"line":72,"column":80}},"21":{"start":{"line":72,"column":33},"end":{"line":72,"column":79}},"22":{"start":{"line":77,"column":18},"end":{"line":77,"column":75}},"23":{"start":{"line":77,"column":33},"end":{"line":77,"column":74}},"24":{"start":{"line":84,"column":18},"end":{"line":85,"column":70}},"25":{"start":{"line":84,"column":33},"end":{"line":84,"column":51}},"26":{"start":{"line":85,"column":36},"end":{"line":85,"column":69}},"27":{"start":{"line":100,"column":15},"end":{"line":100,"column":68}},"28":{"start":{"line":102,"column":2},"end":{"line":104,"column":53}},"29":{"start":{"line":103,"column":17},"end":{"line":103,"column":97}},"30":{"start":{"line":104,"column":19},"end":{"line":104,"column":51}},"31":{"start":{"line":117,"column":14},"end":{"line":117,"column":30}},"32":{"start":{"line":118,"column":2},"end":{"line":121,"column":3}},"33":{"start":{"line":118,"column":15},"end":{"line":118,"column":29}},"34":{"start":{"line":119,"column":14},"end":{"line":119,"column":41}},"35":{"start":{"line":120,"column":4},"end":{"line":120,"column":40}},"36":{"start":{"line":122,"column":2},"end":{"line":122,"column":13}}},"fnMap":{"0":{"name":"(anonymous_0)","decl":{"start":{"line":7,"column":18},"end":{"line":7,"column":19}},"loc":{"start":{"line":7,"column":23},"end":{"line":7,"column":92}},"line":7},"1":{"name":"(anonymous_1)","decl":{"start":{"line":10,"column":18},"end":{"line":10,"column":19}},"loc":{"start":{"line":10,"column":23},"end":{"line":10,"column":78}},"line":10},"2":{"name":"heroStats","decl":{"start":{"line":18,"column":16},"end":{"line":18,"column":25}},"loc":{"start":{"line":18,"column":33},"end":{"line":31,"column":1}},"line":18},"3":{"name":"(anonymous_3)","decl":{"start":{"line":20,"column":38},"end":{"line":20,"column":39}},"loc":{"start":{"line":20,"column":43},"end":{"line":20,"column":50}},"line":20},"4":{"name":"(anonymous_4)","decl":{"start":{"line":22,"column":13},"end":{"line":22,"column":14}},"loc":{"start":{"line":22,"column":18},"end":{"line":22,"column":48}},"line":22},"5":{"name":"(anonymous_5)","decl":{"start":{"line":24,"column":12},"end":{"line":24,"column":13}},"loc":{"start":{"line":24,"column":17},"end":{"line":24,"column":22}},"line":24},"6":{"name":"pickShowcase","decl":{"start":{"line":43,"column":16},"end":{"line":43,"column":28}},"loc":{"start":{"line":43,"column":43},"end":{"line":45,"column":1}},"line":43},"7":{"name":"(anonymous_7)","decl":{"start":{"line":47,"column":12},"end":{"line":47,"column":13}},"loc":{"start":{"line":47,"column":17},"end":{"line":47,"column":31}},"line":47},"8":{"name":"(anonymous_8)","decl":{"start":{"line":61,"column":12},"end":{"line":61,"column":13}},"loc":{"start":{"line":61,"column":18},"end":{"line":61,"column":71}},"line":61},"9":{"name":"(anonymous_9)","decl":{"start":{"line":61,"column":31},"end":{"line":61,"column":32}},"loc":{"start":{"line":61,"column":41},"end":{"line":61,"column":70}},"line":61},"10":{"name":"(anonymous_10)","decl":{"start":{"line":66,"column":12},"end":{"line":66,"column":13}},"loc":{"start":{"line":66,"column":18},"end":{"line":67,"column":88}},"line":66},"11":{"name":"(anonymous_11)","decl":{"start":{"line":66,"column":28},"end":{"line":66,"column":29}},"loc":{"start":{"line":66,"column":33},"end":{"line":66,"column":51}},"line":66},"12":{"name":"(anonymous_12)","decl":{"start":{"line":67,"column":26},"end":{"line":67,"column":27}},"loc":{"start":{"line":67,"column":36},"end":{"line":67,"column":87}},"line":67},"13":{"name":"(anonymous_13)","decl":{"start":{"line":72,"column":12},"end":{"line":72,"column":13}},"loc":{"start":{"line":72,"column":18},"end":{"line":72,"column":80}},"line":72},"14":{"name":"(anonymous_14)","decl":{"start":{"line":72,"column":28},"end":{"line":72,"column":29}},"loc":{"start":{"line":72,"column":33},"end":{"line":72,"column":79}},"line":72},"15":{"name":"(anonymous_15)","decl":{"start":{"line":77,"column":12},"end":{"line":77,"column":13}},"loc":{"start":{"line":77,"column":18},"end":{"line":77,"column":75}},"line":77},"16":{"name":"(anonymous_16)","decl":{"start":{"line":77,"column":28},"end":{"line":77,"column":29}},"loc":{"start":{"line":77,"column":33},"end":{"line":77,"column":74}},"line":77},"17":{"name":"(anonymous_17)","decl":{"start":{"line":84,"column":12},"end":{"line":84,"column":13}},"loc":{"start":{"line":84,"column":18},"end":{"line":85,"column":70}},"line":84},"18":{"name":"(anonymous_18)","decl":{"start":{"line":84,"column":28},"end":{"line":84,"column":29}},"loc":{"start":{"line":84,"column":33},"end":{"line":84,"column":51}},"line":84},"19":{"name":"(anonymous_19)","decl":{"start":{"line":85,"column":26},"end":{"line":85,"column":27}},"loc":{"start":{"line":85,"column":36},"end":{"line":85,"column":69}},"line":85},"20":{"name":"construirColecciones","decl":{"start":{"line":99,"column":16},"end":{"line":99,"column":36}},"loc":{"start":{"line":99,"column":62},"end":{"line":105,"column":1}},"line":99},"21":{"name":"(anonymous_21)","decl":{"start":{"line":103,"column":9},"end":{"line":103,"column":10}},"loc":{"start":{"line":103,"column":17},"end":{"line":103,"column":97}},"line":103},"22":{"name":"(anonymous_22)","decl":{"start":{"line":104,"column":12},"end":{"line":104,"column":13}},"loc":{"start":{"line":104,"column":19},"end":{"line":104,"column":51}},"line":104},"23":{"name":"barajar","decl":{"start":{"line":116,"column":16},"end":{"line":116,"column":23}},"loc":{"start":{"line":116,"column":48},"end":{"line":123,"column":1}},"line":116}},"branchMap":{"0":{"loc":{"start":{"line":7,"column":23},"end":{"line":7,"column":92}},"type":"binary-expr","locations":[{"start":{"line":7,"column":23},"end":{"line":7,"column":24}},{"start":{"line":7,"column":28},"end":{"line":7,"column":42}},{"start":{"line":7,"column":46},"end":{"line":7,"column":68}},{"start":{"line":7,"column":72},"end":{"line":7,"column":92}}],"line":7},"1":{"loc":{"start":{"line":10,"column":23},"end":{"line":10,"column":78}},"type":"binary-expr","locations":[{"start":{"line":10,"column":23},"end":{"line":10,"column":35}},{"start":{"line":10,"column":39},"end":{"line":10,"column":47}},{"start":{"line":10,"column":51},"end":{"line":10,"column":78}}],"line":10},"2":{"loc":{"start":{"line":19,"column":20},"end":{"line":19,"column":53}},"type":"cond-expr","locations":[{"start":{"line":19,"column":43},"end":{"line":19,"column":48}},{"start":{"line":19,"column":51},"end":{"line":19,"column":53}}],"line":19},"3":{"loc":{"start":{"line":22,"column":32},"end":{"line":22,"column":47}},"type":"binary-expr","locations":[{"start":{"line":22,"column":32},"end":{"line":22,"column":41}},{"start":{"line":22,"column":45},"end":{"line":22,"column":47}}],"line":22},"4":{"loc":{"start":{"line":29,"column":11},"end":{"line":29,"column":52}},"type":"cond-expr","locations":[{"start":{"line":29,"column":28},"end":{"line":29,"column":48}},{"start":{"line":29,"column":51},"end":{"line":29,"column":52}}],"line":29},"5":{"loc":{"start":{"line":43,"column":36},"end":{"line":43,"column":41}},"type":"default-arg","locations":[{"start":{"line":43,"column":40},"end":{"line":43,"column":41}}],"line":43},"6":{"loc":{"start":{"line":44,"column":10},"end":{"line":44,"column":43}},"type":"cond-expr","locations":[{"start":{"line":44,"column":33},"end":{"line":44,"column":38}},{"start":{"line":44,"column":41},"end":{"line":44,"column":43}}],"line":44},"7":{"loc":{"start":{"line":47,"column":17},"end":{"line":47,"column":31}},"type":"binary-expr","locations":[{"start":{"line":47,"column":17},"end":{"line":47,"column":26}},{"start":{"line":47,"column":30},"end":{"line":47,"column":31}}],"line":47},"8":{"loc":{"start":{"line":72,"column":34},"end":{"line":72,"column":48}},"type":"binary-expr","locations":[{"start":{"line":72,"column":34},"end":{"line":72,"column":42}},{"start":{"line":72,"column":46},"end":{"line":72,"column":48}}],"line":72},"9":{"loc":{"start":{"line":77,"column":34},"end":{"line":77,"column":48}},"type":"binary-expr","locations":[{"start":{"line":77,"column":34},"end":{"line":77,"column":42}},{"start":{"line":77,"column":46},"end":{"line":77,"column":48}}],"line":77},"10":{"loc":{"start":{"line":99,"column":44},"end":{"line":99,"column":60}},"type":"default-arg","locations":[{"start":{"line":99,"column":59},"end":{"line":99,"column":60}}],"line":99},"11":{"loc":{"start":{"line":100,"column":16},"end":{"line":100,"column":49}},"type":"cond-expr","locations":[{"start":{"line":100,"column":39},"end":{"line":100,"column":44}},{"start":{"line":100,"column":47},"end":{"line":100,"column":49}}],"line":100},"12":{"loc":{"start":{"line":116,"column":29},"end":{"line":116,"column":46}},"type":"default-arg","locations":[{"start":{"line":116,"column":35},"end":{"line":116,"column":46}}],"line":116},"13":{"loc":{"start":{"line":117,"column":19},"end":{"line":117,"column":28}},"type":"binary-expr","locations":[{"start":{"line":117,"column":19},"end":{"line":117,"column":22}},{"start":{"line":117,"column":26},"end":{"line":117,"column":28}}],"line":117}},"s":{"0":1,"1":91,"2":1,"3":80,"4":5,"5":5,"6":9,"7":5,"8":9,"9":13,"10":5,"11":6,"12":1,"13":192,"14":1,"15":10,"16":51,"17":10,"18":59,"19":12,"20":10,"21":59,"22":10,"23":59,"24":10,"25":59,"26":33,"27":10,"28":10,"29":50,"30":50,"31":6,"32":6,"33":6,"34":12,"35":12,"36":6},"f":{"0":91,"1":80,"2":5,"3":9,"4":9,"5":13,"6":6,"7":192,"8":10,"9":51,"10":10,"11":59,"12":12,"13":10,"14":59,"15":10,"16":59,"17":10,"18":59,"19":33,"20":10,"21":50,"22":50,"23":6},"b":{"0":[91,91,91,88],"1":[80,76,74],"2":[4,1],"3":[9,0],"4":[3,2],"5":[0],"6":[5,1],"7":[192,42],"8":[59,0],"9":[59,0],"10":[0],"11":[9,1],"12":[2],"13":[6,1]},"inputSourceMap":null,"_coverageSchema":"1a1c01bbd47fc00a2c39e90264f33305004495a9","hash":"651282ebc357171e68f3a51c905f5901e74b87b8"}
,"C:\\xampp\\htdocs\\FitoScentsWEB\\decants\\assets\\js\\lotes.js": {"path":"C:\\xampp\\htdocs\\FitoScentsWEB\\decants\\assets\\js\\lotes.js","statementMap":{"0":{"start":{"line":20,"column":2},"end":{"line":20,"column":63}},"1":{"start":{"line":20,"column":51},"end":{"line":20,"column":63}},"2":{"start":{"line":21,"column":2},"end":{"line":21,"column":45}},"3":{"start":{"line":21,"column":26},"end":{"line":21,"column":45}},"4":{"start":{"line":22,"column":16},"end":{"line":22,"column":53}},"5":{"start":{"line":22,"column":32},"end":{"line":22,"column":52}},"6":{"start":{"line":23,"column":2},"end":{"line":23,"column":40}},"7":{"start":{"line":35,"column":2},"end":{"line":35,"column":40}},"8":{"start":{"line":35,"column":30},"end":{"line":35,"column":40}},"9":{"start":{"line":36,"column":2},"end":{"line":36,"column":71}},"10":{"start":{"line":36,"column":28},"end":{"line":36,"column":69}},"11":{"start":{"line":49,"column":2},"end":{"line":49,"column":64}}},"fnMap":{"0":{"name":"resolveLoteId","decl":{"start":{"line":19,"column":16},"end":{"line":19,"column":29}},"loc":{"start":{"line":19,"column":45},"end":{"line":24,"column":1}},"line":19},"1":{"name":"(anonymous_1)","decl":{"start":{"line":22,"column":27},"end":{"line":22,"column":28}},"loc":{"start":{"line":22,"column":32},"end":{"line":22,"column":52}},"line":22},"2":{"name":"ventasDeLote","decl":{"start":{"line":34,"column":16},"end":{"line":34,"column":28}},"loc":{"start":{"line":34,"column":52},"end":{"line":37,"column":1}},"line":34},"3":{"name":"(anonymous_3)","decl":{"start":{"line":36,"column":23},"end":{"line":36,"column":24}},"loc":{"start":{"line":36,"column":28},"end":{"line":36,"column":69}},"line":36},"4":{"name":"esResto","decl":{"start":{"line":48,"column":16},"end":{"line":48,"column":23}},"loc":{"start":{"line":48,"column":31},"end":{"line":50,"column":1}},"line":48}},"branchMap":{"0":{"loc":{"start":{"line":20,"column":2},"end":{"line":20,"column":63}},"type":"if","locations":[{"start":{"line":20,"column":2},"end":{"line":20,"column":63}},{"start":{},"end":{}}],"line":20},"1":{"loc":{"start":{"line":20,"column":6},"end":{"line":20,"column":49}},"type":"binary-expr","locations":[{"start":{"line":20,"column":6},"end":{"line":20,"column":27}},{"start":{"line":20,"column":31},"end":{"line":20,"column":49}}],"line":20},"2":{"loc":{"start":{"line":21,"column":2},"end":{"line":21,"column":45}},"type":"if","locations":[{"start":{"line":21,"column":2},"end":{"line":21,"column":45}},{"start":{},"end":{}}],"line":21},"3":{"loc":{"start":{"line":22,"column":32},"end":{"line":22,"column":52}},"type":"binary-expr","locations":[{"start":{"line":22,"column":32},"end":{"line":22,"column":33}},{"start":{"line":22,"column":37},"end":{"line":22,"column":52}}],"line":22},"4":{"loc":{"start":{"line":23,"column":9},"end":{"line":23,"column":39}},"type":"cond-expr","locations":[{"start":{"line":23,"column":17},"end":{"line":23,"column":25}},{"start":{"line":23,"column":28},"end":{"line":23,"column":39}}],"line":23},"5":{"loc":{"start":{"line":35,"column":2},"end":{"line":35,"column":40}},"type":"if","locations":[{"start":{"line":35,"column":2},"end":{"line":35,"column":40}},{"start":{},"end":{}}],"line":35},"6":{"loc":{"start":{"line":49,"column":10},"end":{"line":49,"column":21}},"type":"binary-expr","locations":[{"start":{"line":49,"column":10},"end":{"line":49,"column":15}},{"start":{"line":49,"column":19},"end":{"line":49,"column":21}}],"line":49}},"s":{"0":27,"1":2,"2":25,"3":12,"4":13,"5":24,"6":13,"7":4,"8":0,"9":4,"10":17,"11":19},"f":{"0":27,"1":24,"2":4,"3":17,"4":19},"b":{"0":[2,25],"1":[27,26],"2":[12,13],"3":[24,24],"4":[5,8],"5":[0,4],"6":[19,2]},"inputSourceMap":null,"_coverageSchema":"1a1c01bbd47fc00a2c39e90264f33305004495a9","hash":"1b933e47194c12426cb796febc745341febeb6fa"}
,"C:\\xampp\\htdocs\\FitoScentsWEB\\decants\\assets\\js\\precios.js": {"path":"C:\\xampp\\htdocs\\FitoScentsWEB\\decants\\assets\\js\\precios.js","statementMap":{"0":{"start":{"line":29,"column":13},"end":{"line":29,"column":19}},"1":{"start":{"line":29,"column":26},"end":{"line":29,"column":33}},"2":{"start":{"line":30,"column":2},"end":{"line":30,"column":39}},"3":{"start":{"line":30,"column":30},"end":{"line":30,"column":39}},"4":{"start":{"line":32,"column":14},"end":{"line":32,"column":15}},"5":{"start":{"line":33,"column":2},"end":{"line":38,"column":3}},"6":{"start":{"line":34,"column":16},"end":{"line":34,"column":18}},"7":{"start":{"line":34,"column":26},"end":{"line":34,"column":28}},"8":{"start":{"line":35,"column":4},"end":{"line":35,"column":56}},"9":{"start":{"line":35,"column":47},"end":{"line":35,"column":56}},"10":{"start":{"line":36,"column":4},"end":{"line":36,"column":33}},"11":{"start":{"line":36,"column":24},"end":{"line":36,"column":33}},"12":{"start":{"line":37,"column":4},"end":{"line":37,"column":63}},"13":{"start":{"line":39,"column":2},"end":{"line":39,"column":15}}},"fnMap":{"0":{"name":"ahorroPorTalla","decl":{"start":{"line":28,"column":16},"end":{"line":28,"column":30}},"loc":{"start":{"line":28,"column":53},"end":{"line":40,"column":1}},"line":28}},"branchMap":{"0":{"loc":{"start":{"line":30,"column":2},"end":{"line":30,"column":39}},"type":"if","locations":[{"start":{"line":30,"column":2},"end":{"line":30,"column":39}},{"start":{},"end":{}}],"line":30},"1":{"loc":{"start":{"line":30,"column":6},"end":{"line":30,"column":28}},"type":"binary-expr","locations":[{"start":{"line":30,"column":6},"end":{"line":30,"column":15}},{"start":{"line":30,"column":19},"end":{"line":30,"column":28}}],"line":30},"2":{"loc":{"start":{"line":33,"column":24},"end":{"line":33,"column":35}},"type":"binary-expr","locations":[{"start":{"line":33,"column":24},"end":{"line":33,"column":29}},{"start":{"line":33,"column":33},"end":{"line":33,"column":35}}],"line":33},"3":{"loc":{"start":{"line":35,"column":4},"end":{"line":35,"column":56}},"type":"if","locations":[{"start":{"line":35,"column":4},"end":{"line":35,"column":56}},{"start":{},"end":{}}],"line":35},"4":{"loc":{"start":{"line":35,"column":8},"end":{"line":35,"column":45}},"type":"binary-expr","locations":[{"start":{"line":35,"column":8},"end":{"line":35,"column":18}},{"start":{"line":35,"column":22},"end":{"line":35,"column":32}},{"start":{"line":35,"column":36},"end":{"line":35,"column":45}}],"line":35},"5":{"loc":{"start":{"line":36,"column":4},"end":{"line":36,"column":33}},"type":"if","locations":[{"start":{"line":36,"column":4},"end":{"line":36,"column":33}},{"start":{},"end":{}}],"line":36}},"s":{"0":11,"1":11,"2":11,"3":3,"4":8,"5":8,"6":20,"7":20,"8":20,"9":11,"10":9,"11":3,"12":6,"13":8},"f":{"0":11},"b":{"0":[3,8],"1":[11,9],"2":[8,1],"3":[11,9],"4":[20,20,19],"5":[3,6]},"inputSourceMap":null,"_coverageSchema":"1a1c01bbd47fc00a2c39e90264f33305004495a9","hash":"913007c7480804c84b304f305c26ad21fa0369b4"}
,"C:\\xampp\\htdocs\\FitoScentsWEB\\decants\\assets\\js\\stock.js": {"path":"C:\\xampp\\htdocs\\FitoScentsWEB\\decants\\assets\\js\\stock.js","statementMap":{"0":{"start":{"line":23,"column":2},"end":{"line":23,"column":28}},"1":{"start":{"line":23,"column":16},"end":{"line":23,"column":28}},"2":{"start":{"line":24,"column":2},"end":{"line":24,"column":44}},"3":{"start":{"line":24,"column":32},"end":{"line":24,"column":44}},"4":{"start":{"line":25,"column":2},"end":{"line":25,"column":46}},"5":{"start":{"line":25,"column":34},"end":{"line":25,"column":46}},"6":{"start":{"line":26,"column":2},"end":{"line":26,"column":43}},"7":{"start":{"line":40,"column":16},"end":{"line":40,"column":61}},"8":{"start":{"line":40,"column":50},"end":{"line":40,"column":59}},"9":{"start":{"line":41,"column":2},"end":{"line":41,"column":83}},"10":{"start":{"line":41,"column":33},"end":{"line":41,"column":80}},"11":{"start":{"line":51,"column":2},"end":{"line":51,"column":63}},"12":{"start":{"line":51,"column":44},"end":{"line":51,"column":54}},"13":{"start":{"line":65,"column":2},"end":{"line":65,"column":67}}},"fnMap":{"0":{"name":"estaAgotado","decl":{"start":{"line":22,"column":16},"end":{"line":22,"column":27}},"loc":{"start":{"line":22,"column":37},"end":{"line":27,"column":1}},"line":22},"1":{"name":"resolverItemsPaquete","decl":{"start":{"line":39,"column":16},"end":{"line":39,"column":36}},"loc":{"start":{"line":39,"column":54},"end":{"line":42,"column":1}},"line":39},"2":{"name":"(anonymous_2)","decl":{"start":{"line":40,"column":45},"end":{"line":40,"column":46}},"loc":{"start":{"line":40,"column":50},"end":{"line":40,"column":59}},"line":40},"3":{"name":"(anonymous_3)","decl":{"start":{"line":41,"column":27},"end":{"line":41,"column":28}},"loc":{"start":{"line":41,"column":33},"end":{"line":41,"column":80}},"line":41},"4":{"name":"contarDisponibles","decl":{"start":{"line":50,"column":16},"end":{"line":50,"column":33}},"loc":{"start":{"line":50,"column":50},"end":{"line":52,"column":1}},"line":50},"5":{"name":"(anonymous_5)","decl":{"start":{"line":51,"column":39},"end":{"line":51,"column":40}},"loc":{"start":{"line":51,"column":44},"end":{"line":51,"column":54}},"line":51},"6":{"name":"paqueteArmable","decl":{"start":{"line":64,"column":16},"end":{"line":64,"column":30}},"loc":{"start":{"line":64,"column":61},"end":{"line":66,"column":1}},"line":64}},"branchMap":{"0":{"loc":{"start":{"line":23,"column":2},"end":{"line":23,"column":28}},"type":"if","locations":[{"start":{"line":23,"column":2},"end":{"line":23,"column":28}},{"start":{},"end":{}}],"line":23},"1":{"loc":{"start":{"line":24,"column":2},"end":{"line":24,"column":44}},"type":"if","locations":[{"start":{"line":24,"column":2},"end":{"line":24,"column":44}},{"start":{},"end":{}}],"line":24},"2":{"loc":{"start":{"line":25,"column":2},"end":{"line":25,"column":46}},"type":"if","locations":[{"start":{"line":25,"column":2},"end":{"line":25,"column":46}},{"start":{},"end":{}}],"line":25},"3":{"loc":{"start":{"line":40,"column":25},"end":{"line":40,"column":39}},"type":"binary-expr","locations":[{"start":{"line":40,"column":25},"end":{"line":40,"column":33}},{"start":{"line":40,"column":37},"end":{"line":40,"column":39}}],"line":40},"4":{"loc":{"start":{"line":41,"column":10},"end":{"line":41,"column":21}},"type":"binary-expr","locations":[{"start":{"line":41,"column":10},"end":{"line":41,"column":15}},{"start":{"line":41,"column":19},"end":{"line":41,"column":21}}],"line":41},"5":{"loc":{"start":{"line":51,"column":10},"end":{"line":51,"column":30}},"type":"binary-expr","locations":[{"start":{"line":51,"column":10},"end":{"line":51,"column":24}},{"start":{"line":51,"column":28},"end":{"line":51,"column":30}}],"line":51},"6":{"loc":{"start":{"line":65,"column":47},"end":{"line":65,"column":65}},"type":"binary-expr","locations":[{"start":{"line":65,"column":47},"end":{"line":65,"column":60}},{"start":{"line":65,"column":64},"end":{"line":65,"column":65}}],"line":65}},"s":{"0":15,"1":6,"2":9,"3":1,"4":8,"5":1,"6":7,"7":5,"8":12,"9":5,"10":8,"11":3,"12":9,"13":2},"f":{"0":15,"1":5,"2":12,"3":8,"4":3,"5":9,"6":2},"b":{"0":[6,9],"1":[1,8],"2":[1,7],"3":[5,1],"4":[5,1],"5":[3,0],"6":[2,0]},"inputSourceMap":null,"_coverageSchema":"1a1c01bbd47fc00a2c39e90264f33305004495a9","hash":"215238a9680f57c847c8b0dc5246e0d53e7f5dbd"}
}
