{"C:\\xampp\\htdocs\\FitoScentsWEB\\decants\\assets\\js\\cart.js": {"path":"C:\\xampp\\htdocs\\FitoScentsWEB\\decants\\assets\\js\\cart.js","statementMap":{"0":{"start":{"line":6,"column":23},"end":{"line":6,"column":24}},"1":{"start":{"line":9,"column":20},"end":{"line":9,"column":34}},"2":{"start":{"line":10,"column":20},"end":{"line":10,"column":34}},"3":{"start":{"line":13,"column":2},"end":{"line":19,"column":16}},"4":{"start":{"line":14,"column":4},"end":{"line":18,"column":8}},"5":{"start":{"line":23,"column":2},"end":{"line":32,"column":28}},"6":{"start":{"line":24,"column":16},"end":{"line":24,"column":46}},"7":{"start":{"line":25,"column":4},"end":{"line":25,"column":24}},"8":{"start":{"line":25,"column":14},"end":{"line":25,"column":24}},"9":{"start":{"line":26,"column":33},"end":{"line":26,"column":48}},"10":{"start":{"line":27,"column":4},"end":{"line":30,"column":5}},"11":{"start":{"line":28,"column":6},"end":{"line":28,"column":40}},"12":{"start":{"line":29,"column":6},"end":{"line":29,"column":16}},"13":{"start":{"line":31,"column":4},"end":{"line":31,"column":17}},"14":{"start":{"line":32,"column":16},"end":{"line":32,"column":26}},"15":{"start":{"line":36,"column":2},"end":{"line":36,"column":57}},"16":{"start":{"line":36,"column":8},"end":{"line":36,"column":42}},"17":{"start":{"line":40,"column":2},"end":{"line":46,"column":30}},"18":{"start":{"line":41,"column":16},"end":{"line":41,"column":46}},"19":{"start":{"line":42,"column":4},"end":{"line":42,"column":26}},"20":{"start":{"line":42,"column":14},"end":{"line":42,"column":26}},"21":{"start":{"line":43,"column":26},"end":{"line":43,"column":41}},"22":{"start":{"line":44,"column":22},"end":{"line":44,"column":65}},"23":{"start":{"line":45,"column":4},"end":{"line":45,"column":44}},"24":{"start":{"line":46,"column":16},"end":{"line":46,"column":28}},"25":{"start":{"line":52,"column":2},"end":{"line":52,"column":83}},"26":{"start":{"line":52,"column":29},"end":{"line":52,"column":83}},"27":{"start":{"line":53,"column":14},"end":{"line":53,"column":53}},"28":{"start":{"line":53,"column":34},"end":{"line":53,"column":52}},"29":{"start":{"line":54,"column":2},"end":{"line":58,"column":3}},"30":{"start":{"line":55,"column":4},"end":{"line":55,"column":83}},"31":{"start":{"line":55,"column":34},"end":{"line":55,"column":83}},"32":{"start":{"line":56,"column":20},"end":{"line":56,"column":80}},"33":{"start":{"line":56,"column":39},"end":{"line":56,"column":79}},"34":{"start":{"line":57,"column":4},"end":{"line":57,"column":69}},"35":{"start":{"line":59,"column":2},"end":{"line":59,"column":89}},"36":{"start":{"line":63,"column":2},"end":{"line":63,"column":92}},"37":{"start":{"line":63,"column":23},"end":{"line":63,"column":67}},"38":{"start":{"line":63,"column":81},"end":{"line":63,"column":90}},"39":{"start":{"line":67,"column":2},"end":{"line":67,"column":41}},"40":{"start":{"line":67,"column":26},"end":{"line":67,"column":39}},"41":{"start":{"line":70,"column":30},"end":{"line":70,"column":40}},"42":{"start":{"line":73,"column":2},"end":{"line":73,"column":81}},"43":{"start":{"line":73,"column":33},"end":{"line":73,"column":76}},"44":{"start":{"line":77,"column":2},"end":{"line":77,"column":56}},"45":{"start":{"line":77,"column":33},"end":{"line":77,"column":51}},"46":{"start":{"line":81,"column":2},"end":{"line":81,"column":32}},"47":{"start":{"line":81,"column":20},"end":{"line":81,"column":32}},"48":{"start":{"line":82,"column":16},"end":{"line":82,"column":31}},"49":{"start":{"line":83,"column":16},"end":{"line":90,"column":15}},"50":{"start":{"line":84,"column":15},"end":{"line":84,"column":117}},"51":{"start":{"line":85,"column":4},"end":{"line":88,"column":5}},"52":{"start":{"line":86,"column":20},"end":{"line":86,"column":63}},"53":{"start":{"line":86,"column":43},"end":{"line":86,"column":51}},"54":{"start":{"line":87,"column":6},"end":{"line":87,"column":33}},"55":{"start":{"line":89,"column":4},"end":{"line":89,"column":16}},"56":{"start":{"line":91,"column":16},"end":{"line":91,"column":147}},"57":{"start":{"line":92,"column":2},"end":{"line":92,"column":69}},"58":{"start":{"line":96,"column":2},"end":{"line":96,"column":43}},"59":{"start":{"line":96,"column":31},"end":{"line":96,"column":35}},"60":{"start":{"line":100,"column":2},"end":{"line":100,"column":49}},"61":{"start":{"line":100,"column":24},"end":{"line":100,"column":37}}},"fnMap":{"0":{"name":"saveCart","decl":{"start":{"line":12,"column":16},"end":{"line":12,"column":24}},"loc":{"start":{"line":12,"column":31},"end":{"line":20,"column":1}},"line":12},"1":{"name":"loadCart","decl":{"start":{"line":22,"column":16},"end":{"line":22,"column":24}},"loc":{"start":{"line":22,"column":27},"end":{"line":33,"column":1}},"line":22},"2":{"name":"clearSavedCart","decl":{"start":{"line":35,"column":16},"end":{"line":35,"column":30}},"loc":{"start":{"line":35,"column":33},"end":{"line":37,"column":1}},"line":35},"3":{"name":"cartExpiresInMinutes","decl":{"start":{"line":39,"column":16},"end":{"line":39,"column":36}},"loc":{"start":{"line":39,"column":39},"end":{"line":47,"column":1}},"line":39},"4":{"name":"addItem","decl":{"start":{"line":51,"column":16},"end":{"line":51,"column":23}},"loc":{"start":{"line":51,"column":36},"end":{"line":60,"column":1}},"line":51},"5":{"name":"(anonymous_5)","decl":{"start":{"line":53,"column":29},"end":{"line":53,"column":30}},"loc":{"start":{"line":53,"column":34},"end":{"line":53,"column":52}},"line":53},"6":{"name":"(anonymous_6)","decl":{"start":{"line":56,"column":29},"end":{"line":56,"column":30}},"loc":{"start":{"line":56,"column":39},"end":{"line":56,"column":79}},"line":56},"7":{"name":"decrementItem","decl":{"start":{"line":62,"column":16},"end":{"line":62,"column":29}},"loc":{"start":{"line":62,"column":41},"end":{"line":64,"column":1}},"line":62},"8":{"name":"(anonymous_8)","decl":{"start":{"line":63,"column":18},"end":{"line":63,"column":19}},"loc":{"start":{"line":63,"column":23},"end":{"line":63,"column":67}},"line":63},"9":{"name":"(anonymous_9)","decl":{"start":{"line":63,"column":76},"end":{"line":63,"column":77}},"loc":{"start":{"line":63,"column":81},"end":{"line":63,"column":90}},"line":63},"10":{"name":"removeItem","decl":{"start":{"line":66,"column":16},"end":{"line":66,"column":26}},"loc":{"start":{"line":66,"column":38},"end":{"line":68,"column":1}},"line":66},"11":{"name":"(anonymous_11)","decl":{"start":{"line":67,"column":21},"end":{"line":67,"column":22}},"loc":{"start":{"line":67,"column":26},"end":{"line":67,"column":39}},"line":67},"12":{"name":"clearCart","decl":{"start":{"line":70,"column":16},"end":{"line":70,"column":25}},"loc":{"start":{"line":70,"column":28},"end":{"line":70,"column":42}},"line":70},"13":{"name":"calcTotal","decl":{"start":{"line":72,"column":16},"end":{"line":72,"column":25}},"loc":{"start":{"line":72,"column":32},"end":{"line":74,"column":1}},"line":72},"14":{"name":"(anonymous_14)","decl":{"start":{"line":73,"column":21},"end":{"line":73,"column":22}},"loc":{"start":{"line":73,"column":33},"end":{"line":73,"column":76}},"line":73},"15":{"name":"totalUnits","decl":{"start":{"line":76,"column":16},"end":{"line":76,"column":26}},"loc":{"start":{"line":76,"column":33},"end":{"line":78,"column":1}},"line":76},"16":{"name":"(anonymous_16)","decl":{"start":{"line":77,"column":21},"end":{"line":77,"column":22}},"loc":{"start":{"line":77,"column":33},"end":{"line":77,"column":51}},"line":77},"17":{"name":"buildWhatsAppURL","decl":{"start":{"line":80,"column":16},"end":{"line":80,"column":32}},"loc":{"start":{"line":80,"column":49},"end":{"line":93,"column":1}},"line":80},"18":{"name":"(anonymous_18)","decl":{"start":{"line":83,"column":25},"end":{"line":83,"column":26}},"loc":{"start":{"line":83,"column":30},"end":{"line":90,"column":3}},"line":83},"19":{"name":"(anonymous_19)","decl":{"start":{"line":86,"column":38},"end":{"line":86,"column":39}},"loc":{"start":{"line":86,"column":43},"end":{"line":86,"column":51}},"line":86},"20":{"name":"countUniqueProducts","decl":{"start":{"line":95,"column":16},"end":{"line":95,"column":35}},"loc":{"start":{"line":95,"column":42},"end":{"line":97,"column":1}},"line":95},"21":{"name":"(anonymous_21)","decl":{"start":{"line":96,"column":26},"end":{"line":96,"column":27}},"loc":{"start":{"line":96,"column":31},"end":{"line":96,"column":35}},"line":96},"22":{"name":"getItemQty","decl":{"start":{"line":99,"column":16},"end":{"line":99,"column":26}},"loc":{"start":{"line":99,"column":38},"end":{"line":101,"column":1}},"line":99},"23":{"name":"(anonymous_23)","decl":{"start":{"line":100,"column":19},"end":{"line":100,"column":20}},"loc":{"start":{"line":100,"column":24},"end":{"line":100,"column":37}},"line":100}},"branchMap":{"0":{"loc":{"start":{"line":25,"column":4},"end":{"line":25,"column":24}},"type":"if","locations":[{"start":{"line":25,"column":4},"end":{"line":25,"column":24}},{"start":{},"end":{}}],"line":25},"1":{"loc":{"start":{"line":27,"column":4},"end":{"line":30,"column":5}},"type":"if","locations":[{"start":{"line":27,"column":4},"end":{"line":30,"column":5}},{"start":{},"end":{}}],"line":27},"2":{"loc":{"start":{"line":27,"column":8},"end":{"line":27,"column":55}},"type":"binary-expr","locations":[{"start":{"line":27,"column":8},"end":{"line":27,"column":29}},{"start":{"line":27,"column":33},"end":{"line":27,"column":55}}],"line":27},"3":{"loc":{"start":{"line":42,"column":4},"end":{"line":42,"column":26}},"type":"if","locations":[{"start":{"line":42,"column":4},"end":{"line":42,"column":26}},{"start":{},"end":{}}],"line":42},"4":{"loc":{"start":{"line":45,"column":11},"end":{"line":45,"column":43}},"type":"cond-expr","locations":[{"start":{"line":45,"column":27},"end":{"line":45,"column":36}},{"start":{"line":45,"column":39},"end":{"line":45,"column":43}}],"line":45},"5":{"loc":{"start":{"line":52,"column":2},"end":{"line":52,"column":83}},"type":"if","locations":[{"start":{"line":52,"column":2},"end":{"line":52,"column":83}},{"start":{},"end":{}}],"line":52},"6":{"loc":{"start":{"line":52,"column":6},"end":{"line":52,"column":27}},"type":"binary-expr","locations":[{"start":{"line":52,"column":6},"end":{"line":52,"column":15}},{"start":{"line":52,"column":19},"end":{"line":52,"column":27}}],"line":52},"7":{"loc":{"start":{"line":54,"column":2},"end":{"line":58,"column":3}},"type":"if","locations":[{"start":{"line":54,"column":2},"end":{"line":58,"column":3}},{"start":{},"end":{}}],"line":54},"8":{"loc":{"start":{"line":55,"column":4},"end":{"line":55,"column":83}},"type":"if","locations":[{"start":{"line":55,"column":4},"end":{"line":55,"column":83}},{"start":{},"end":{}}],"line":55},"9":{"loc":{"start":{"line":56,"column":39},"end":{"line":56,"column":79}},"type":"cond-expr","locations":[{"start":{"line":56,"column":51},"end":{"line":56,"column":75}},{"start":{"line":56,"column":78},"end":{"line":56,"column":79}}],"line":56},"10":{"loc":{"start":{"line":59,"column":43},"end":{"line":59,"column":56}},"type":"binary-expr","locations":[{"start":{"line":59,"column":43},"end":{"line":59,"column":51}},{"start":{"line":59,"column":55},"end":{"line":59,"column":56}}],"line":59},"11":{"loc":{"start":{"line":63,"column":23},"end":{"line":63,"column":67}},"type":"cond-expr","locations":[{"start":{"line":63,"column":39},"end":{"line":63,"column":63}},{"start":{"line":63,"column":66},"end":{"line":63,"column":67}}],"line":63},"12":{"loc":{"start":{"line":73,"column":40},"end":{"line":73,"column":60}},"type":"binary-expr","locations":[{"start":{"line":73,"column":40},"end":{"line":73,"column":55}},{"start":{"line":73,"column":59},"end":{"line":73,"column":60}}],"line":73},"13":{"loc":{"start":{"line":73,"column":65},"end":{"line":73,"column":75}},"type":"binary-expr","locations":[{"start":{"line":73,"column":65},"end":{"line":73,"column":70}},{"start":{"line":73,"column":74},"end":{"line":73,"column":75}}],"line":73},"14":{"loc":{"start":{"line":77,"column":40},"end":{"line":77,"column":50}},"type":"binary-expr","locations":[{"start":{"line":77,"column":40},"end":{"line":77,"column":45}},{"start":{"line":77,"column":49},"end":{"line":77,"column":50}}],"line":77},"15":{"loc":{"start":{"line":81,"column":2},"end":{"line":81,"column":32}},"type":"if","locations":[{"start":{"line":81,"column":2},"end":{"line":81,"column":32}},{"start":{},"end":{}}],"line":81},"16":{"loc":{"start":{"line":85,"column":4},"end":{"line":88,"column":5}},"type":"if","locations":[{"start":{"line":85,"column":4},"end":{"line":88,"column":5}},{"start":{},"end":{}}],"line":85},"17":{"loc":{"start":{"line":85,"column":8},"end":{"line":85,"column":45}},"type":"binary-expr","locations":[{"start":{"line":85,"column":8},"end":{"line":85,"column":21}},{"start":{"line":85,"column":25},"end":{"line":85,"column":45}}],"line":85},"18":{"loc":{"start":{"line":100,"column":9},"end":{"line":100,"column":48}},"type":"binary-expr","locations":[{"start":{"line":100,"column":9},"end":{"line":100,"column":43}},{"start":{"line":100,"column":47},"end":{"line":100,"column":48}}],"line":100}},"s":{"0":1,"1":1,"2":1,"3":0,"4":0,"5":0,"6":0,"7":0,"8":0,"9":0,"10":0,"11":0,"12":0,"13":0,"14":0,"15":0,"16":0,"17":0,"18":0,"19":0,"20":0,"21":0,"22":0,"23":0,"24":0,"25":13,"26":2,"27":11,"28":9,"29":11,"30":7,"31":2,"32":5,"33":5,"34":5,"35":4,"36":4,"37":5,"38":5,"39":3,"40":4,"41":1,"42":8,"43":10,"44":2,"45":2,"46":5,"47":1,"48":4,"49":4,"50":5,"51":5,"52":0,"53":0,"54":0,"55":5,"56":4,"57":4,"58":3,"59":4,"60":3,"61":2},"f":{"0":0,"1":0,"2":0,"3":0,"4":13,"5":9,"6":5,"7":4,"8":5,"9":5,"10":3,"11":4,"12":1,"13":8,"14":10,"15":2,"16":2,"17":5,"18":5,"19":0,"20":3,"21":4,"22":3,"23":2},"b":{"0":[0,0],"1":[0,0],"2":[0,0],"3":[0,0],"4":[0,0],"5":[2,11],"6":[13,12],"7":[7,4],"8":[2,5],"9":[5,0],"10":[4,0],"11":[4,1],"12":[10,1],"13":[10,0],"14":[2,0],"15":[1,4],"16":[0,5],"17":[5,0],"18":[3,2]},"inputSourceMap":null,"_coverageSchema":"1a1c01bbd47fc00a2c39e90264f33305004495a9","hash":"350e2d9aa52447c0a23c42bc243485eb396625c8"}
}
