TN:
SF:assets\js\cart.js
FN:12,saveCart
FN:22,loadCart
FN:35,clearSavedCart
FN:39,cartExpiresInMinutes
FN:51,addItem
FN:53,(anonymous_5)
FN:56,(anonymous_6)
FN:62,decrementItem
FN:63,(anonymous_8)
FN:63,(anonymous_9)
FN:66,removeItem
FN:67,(anonymous_11)
FN:70,clearCart
FN:72,calcTotal
FN:73,(anonymous_14)
FN:76,totalUnits
FN:77,(anonymous_16)
FN:80,buildWhatsAppURL
FN:83,(anonymous_18)
FN:86,(anonymous_19)
FN:95,countUniqueProducts
FN:96,(anonymous_21)
FN:99,getItemQty
FN:100,(anonymous_23)
FNF:24
FNH:19
FNDA:0,saveCart
FNDA:0,loadCart
FNDA:0,clearSavedCart
FNDA:0,cartExpiresInMinutes
FNDA:13,addItem
FNDA:9,(anonymous_5)
FNDA:5,(anonymous_6)
FNDA:4,decrementItem
FNDA:5,(anonymous_8)
FNDA:5,(anonymous_9)
FNDA:3,removeItem
FNDA:4,(anonymous_11)
FNDA:1,clearCart
FNDA:8,calcTotal
FNDA:10,(anonymous_14)
FNDA:2,totalUnits
FNDA:2,(anonymous_16)
FNDA:5,buildWhatsAppURL
FNDA:5,(anonymous_18)
FNDA:0,(anonymous_19)
FNDA:3,countUniqueProducts
FNDA:4,(anonymous_21)
FNDA:3,getItemQty
FNDA:2,(anonymous_23)
DA:6,1
DA:9,1
DA:10,1
DA:13,0
DA:14,0
DA:23,0
DA:24,0
DA:25,0
DA:26,0
DA:27,0
DA:28,0
DA:29,0
DA:31,0
DA:32,0
DA:36,0
DA:40,0
DA:41,0
DA:42,0
DA:43,0
DA:44,0
DA:45,0
DA:46,0
DA:52,13
DA:53,11
DA:54,11
DA:55,7
DA:56,5
DA:57,5
DA:59,4
DA:63,5
DA:67,4
DA:70,1
DA:73,10
DA:77,2
DA:81,5
DA:82,4
DA:83,4
DA:84,5
DA:85,5
DA:86,0
DA:87,0
DA:89,5
DA:91,4
DA:92,4
DA:96,4
DA:100,3
LF:46
LH:25
BRDA:25,0,0,0
BRDA:25,0,1,0
BRDA:27,1,0,0
BRDA:27,1,1,0
BRDA:27,2,0,0
BRDA:27,2,1,0
BRDA:42,3,0,0
BRDA:42,3,1,0
BRDA:45,4,0,0
BRDA:45,4,1,0
BRDA:52,5,0,2
BRDA:52,5,1,11
BRDA:52,6,0,13
BRDA:52,6,1,12
BRDA:54,7,0,7
BRDA:54,7,1,4
BRDA:55,8,0,2
BRDA:55,8,1,5
BRDA:56,9,0,5
BRDA:56,9,1,0
BRDA:59,10,0,4
BRDA:59,10,1,0
BRDA:63,11,0,4
BRDA:63,11,1,1
BRDA:73,12,0,10
BRDA:73,12,1,1
BRDA:73,13,0,10
BRDA:73,13,1,0
BRDA:77,14,0,2
BRDA:77,14,1,0
BRDA:81,15,0,1
BRDA:81,15,1,4
BRDA:85,16,0,0
BRDA:85,16,1,5
BRDA:85,17,0,5
BRDA:85,17,1,0
BRDA:100,18,0,3
BRDA:100,18,1,2
BRF:38
BRH:22
end_of_record
TN:
SF:assets\js\catalogo-cache.js
FN:32,leerCache
FN:53,guardarCache
FN:64,borrarCache
FNF:3
FNH:3
FNDA:10,leerCache
FNDA:7,guardarCache
FNDA:2,borrarCache
DA:16,1
DA:23,1
DA:33,10
DA:34,10
DA:35,10
DA:37,6
DA:38,5
DA:39,3
DA:41,2
DA:44,1
DA:54,7
DA:55,7
DA:56,6
DA:59,1
DA:65,2
DA:66,2
LF:16
LH:16
BRDA:32,0,0,0
BRDA:32,1,0,0
BRDA:35,2,0,4
BRDA:35,2,1,6
BRDA:38,3,0,2
BRDA:38,3,1,3
BRDA:38,4,0,5
BRDA:38,4,1,4
BRDA:39,5,0,1
BRDA:39,5,1,2
BRDA:53,6,0,0
BRDA:53,7,0,0
BRDA:64,8,0,0
BRF:13
BRH:8
end_of_record
TN:
SF:assets\js\clientes-util.js
FN:24,esNombreGenerico
FN:38,esClienteTemporal
FN:51,claveCliente
FNF:3
FNH:3
FNDA:27,esNombreGenerico
FNDA:19,esClienteTemporal
FNDA:11,claveCliente
DA:16,1
DA:25,27
DA:26,27
DA:27,21
DA:39,19
DA:40,18
DA:41,18
DA:42,3
DA:52,11
DA:53,10
DA:54,10
DA:55,4
DA:56,4
DA:57,2
LF:14
LH:14
BRDA:25,0,0,27
BRDA:25,0,1,5
BRDA:26,1,0,6
BRDA:26,1,1,21
BRDA:27,2,0,21
BRDA:27,2,1,12
BRDA:39,3,0,1
BRDA:39,3,1,18
BRDA:40,4,0,18
BRDA:40,4,1,3
BRDA:41,5,0,15
BRDA:41,5,1,3
BRDA:52,6,0,1
BRDA:52,6,1,10
BRDA:53,7,0,10
BRDA:53,7,1,4
BRDA:54,8,0,6
BRDA:54,8,1,4
BRDA:55,9,0,4
BRDA:55,9,1,1
BRDA:56,10,0,2
BRDA:56,10,1,2
BRF:22
BRH:22
end_of_record
TN:
SF:assets\js\hero.js
FN:7,(anonymous_0)
FN:10,(anonymous_1)
FN:18,heroStats
FN:20,(anonymous_3)
FN:22,(anonymous_4)
FN:24,(anonymous_5)
FN:43,pickShowcase
FN:47,(anonymous_7)
FN:62,(anonymous_8)
FN:62,(anonymous_9)
FN:70,(anonymous_10)
FN:70,(anonymous_11)
FN:71,(anonymous_12)
FN:78,(anonymous_13)
FN:78,(anonymous_14)
FN:84,(anonymous_15)
FN:84,(anonymous_16)
FN:92,(anonymous_17)
FN:92,(anonymous_18)
FN:93,(anonymous_19)
FN:111,construirColecciones
FN:115,(anonymous_21)
FN:119,(anonymous_22)
FN:131,barajar
FNF:24
FNH:24
FNDA:478,(anonymous_0)
FNDA:467,(anonymous_1)
FNDA:5,heroStats
FNDA:9,(anonymous_3)
FNDA:9,(anonymous_4)
FNDA:13,(anonymous_5)
FNDA:6,pickShowcase
FNDA:1602,(anonymous_7)
FNDA:43,(anonymous_8)
FNDA:405,(anonymous_9)
FNDA:43,(anonymous_10)
FNDA:446,(anonymous_11)
FNDA:18,(anonymous_12)
FNDA:43,(anonymous_13)
FNDA:446,(anonymous_14)
FNDA:43,(anonymous_15)
FNDA:446,(anonymous_16)
FNDA:43,(anonymous_17)
FNDA:446,(anonymous_18)
FNDA:378,(anonymous_19)
FNDA:43,construirColecciones
FNDA:215,(anonymous_21)
FNDA:215,(anonymous_22)
FNDA:221,barajar
DA:7,478
DA:10,467
DA:19,5
DA:20,9
DA:21,5
DA:22,9
DA:24,13
DA:26,5
DA:44,6
DA:47,1602
DA:56,1
DA:62,405
DA:70,446
DA:71,18
DA:78,446
DA:84,446
DA:92,446
DA:93,378
DA:112,43
DA:114,43
DA:116,215
DA:117,215
DA:119,215
DA:132,221
DA:133,221
DA:134,1122
DA:135,1122
DA:137,221
LF:28
LH:28
BRDA:7,0,0,478
BRDA:7,0,1,478
BRDA:7,0,2,478
BRDA:7,0,3,475
BRDA:10,1,0,467
BRDA:10,1,1,463
BRDA:10,1,2,461
BRDA:19,2,0,4
BRDA:19,2,1,1
BRDA:22,3,0,9
BRDA:22,3,1,0
BRDA:29,4,0,3
BRDA:29,4,1,2
BRDA:43,5,0,0
BRDA:44,6,0,5
BRDA:44,6,1,1
BRDA:47,7,0,1602
BRDA:47,7,1,1377
BRDA:78,8,0,446
BRDA:78,8,1,0
BRDA:84,9,0,446
BRDA:84,9,1,0
BRDA:111,10,0,0
BRDA:111,11,0,41
BRDA:112,12,0,42
BRDA:112,12,1,1
BRDA:131,13,0,2
BRDA:132,14,0,221
BRDA:132,14,1,1
BRF:29
BRH:24
end_of_record
TN:
SF:assets\js\imagenes.js
FN:23,precargarImagen
FN:23,(anonymous_1)
FN:24,(anonymous_2)
FN:28,(anonymous_3)
FN:29,(anonymous_4)
FNF:5
FNH:4
FNDA:8,precargarImagen
FNDA:0,(anonymous_1)
FNDA:8,(anonymous_2)
FNDA:2,(anonymous_3)
FNDA:2,(anonymous_4)
DA:23,0
DA:24,8
DA:25,8
DA:27,5
DA:28,5
DA:29,5
DA:30,5
DA:33,5
LF:8
LH:7
BRDA:23,0,0,3
BRDA:25,1,0,3
BRDA:25,1,1,5
BRDA:33,2,0,1
BRDA:33,2,1,4
BRF:5
BRH:5
end_of_record
TN:
SF:assets\js\lotes.js
FN:19,resolveLoteId
FN:22,(anonymous_1)
FN:34,ventasDeLote
FN:36,(anonymous_3)
FN:48,esResto
FNF:5
FNH:5
FNDA:27,resolveLoteId
FNDA:24,(anonymous_1)
FNDA:4,ventasDeLote
FNDA:17,(anonymous_3)
FNDA:19,esResto
DA:20,27
DA:21,25
DA:22,24
DA:23,13
DA:35,4
DA:36,17
DA:49,19
LF:7
LH:7
BRDA:20,0,0,2
BRDA:20,0,1,25
BRDA:20,1,0,27
BRDA:20,1,1,26
BRDA:21,2,0,12
BRDA:21,2,1,13
BRDA:22,3,0,24
BRDA:22,3,1,24
BRDA:23,4,0,5
BRDA:23,4,1,8
BRDA:35,5,0,0
BRDA:35,5,1,4
BRDA:49,6,0,19
BRDA:49,6,1,2
BRF:14
BRH:13
end_of_record
TN:
SF:assets\js\precios.js
FN:28,ahorroPorTalla
FNF:1
FNH:1
FNDA:11,ahorroPorTalla
DA:29,11
DA:30,11
DA:32,8
DA:33,8
DA:34,20
DA:35,20
DA:36,9
DA:37,6
DA:39,8
LF:9
LH:9
BRDA:30,0,0,3
BRDA:30,0,1,8
BRDA:30,1,0,11
BRDA:30,1,1,9
BRDA:33,2,0,8
BRDA:33,2,1,1
BRDA:35,3,0,11
BRDA:35,3,1,9
BRDA:35,4,0,20
BRDA:35,4,1,20
BRDA:35,4,2,19
BRDA:36,5,0,3
BRDA:36,5,1,6
BRF:13
BRH:13
end_of_record
TN:
SF:assets\js\stock.js
FN:22,estaAgotado
FN:39,resolverItemsPaquete
FN:40,(anonymous_2)
FN:41,(anonymous_3)
FN:50,contarDisponibles
FN:51,(anonymous_5)
FN:64,paqueteArmable
FNF:7
FNH:7
FNDA:15,estaAgotado
FNDA:5,resolverItemsPaquete
FNDA:12,(anonymous_2)
FNDA:8,(anonymous_3)
FNDA:3,contarDisponibles
FNDA:9,(anonymous_5)
FNDA:2,paqueteArmable
DA:23,15
DA:24,9
DA:25,8
DA:26,7
DA:40,12
DA:41,8
DA:51,9
DA:65,2
LF:8
LH:8
BRDA:23,0,0,6
BRDA:23,0,1,9
BRDA:24,1,0,1
BRDA:24,1,1,8
BRDA:25,2,0,1
BRDA:25,2,1,7
BRDA:40,3,0,5
BRDA:40,3,1,1
BRDA:41,4,0,5
BRDA:41,4,1,1
BRDA:51,5,0,3
BRDA:51,5,1,0
BRDA:65,6,0,2
BRDA:65,6,1,0
BRF:14
BRH:12
end_of_record
