TN:
SF:assets\js\cart.js
FN:12,saveCart
FN:22,loadCart
FN:35,clearSavedCart
FN:39,cartExpiresInMinutes
FN:51,addItem
FN:53,(anonymous_5)
FN:56,(anonymous_6)
FN:62,decrementItem
FN:63,(anonymous_8)
FN:63,(anonymous_9)
FN:66,removeItem
FN:67,(anonymous_11)
FN:70,clearCart
FN:72,calcTotal
FN:73,(anonymous_14)
FN:76,totalUnits
FN:77,(anonymous_16)
FN:80,buildWhatsAppURL
FN:83,(anonymous_18)
FN:86,(anonymous_19)
FN:95,countUniqueProducts
FN:96,(anonymous_21)
FN:99,getItemQty
FN:100,(anonymous_23)
FNF:24
FNH:19
FNDA:0,saveCart
FNDA:0,loadCart
FNDA:0,clearSavedCart
FNDA:0,cartExpiresInMinutes
FNDA:13,addItem
FNDA:9,(anonymous_5)
FNDA:5,(anonymous_6)
FNDA:4,decrementItem
FNDA:5,(anonymous_8)
FNDA:5,(anonymous_9)
FNDA:3,removeItem
FNDA:4,(anonymous_11)
FNDA:1,clearCart
FNDA:8,calcTotal
FNDA:10,(anonymous_14)
FNDA:2,totalUnits
FNDA:2,(anonymous_16)
FNDA:5,buildWhatsAppURL
FNDA:5,(anonymous_18)
FNDA:0,(anonymous_19)
FNDA:3,countUniqueProducts
FNDA:4,(anonymous_21)
FNDA:3,getItemQty
FNDA:2,(anonymous_23)
DA:6,1
DA:9,1
DA:10,1
DA:13,0
DA:14,0
DA:23,0
DA:24,0
DA:25,0
DA:26,0
DA:27,0
DA:28,0
DA:29,0
DA:31,0
DA:32,0
DA:36,0
DA:40,0
DA:41,0
DA:42,0
DA:43,0
DA:44,0
DA:45,0
DA:46,0
DA:52,13
DA:53,11
DA:54,11
DA:55,7
DA:56,5
DA:57,5
DA:59,4
DA:63,5
DA:67,4
DA:70,1
DA:73,10
DA:77,2
DA:81,5
DA:82,4
DA:83,4
DA:84,5
DA:85,5
DA:86,0
DA:87,0
DA:89,5
DA:91,4
DA:92,4
DA:96,4
DA:100,3
LF:46
LH:25
BRDA:25,0,0,0
BRDA:25,0,1,0
BRDA:27,1,0,0
BRDA:27,1,1,0
BRDA:27,2,0,0
BRDA:27,2,1,0
BRDA:42,3,0,0
BRDA:42,3,1,0
BRDA:45,4,0,0
BRDA:45,4,1,0
BRDA:52,5,0,2
BRDA:52,5,1,11
BRDA:52,6,0,13
BRDA:52,6,1,12
BRDA:54,7,0,7
BRDA:54,7,1,4
BRDA:55,8,0,2
BRDA:55,8,1,5
BRDA:56,9,0,5
BRDA:56,9,1,0
BRDA:59,10,0,4
BRDA:59,10,1,0
BRDA:63,11,0,4
BRDA:63,11,1,1
BRDA:73,12,0,10
BRDA:73,12,1,1
BRDA:73,13,0,10
BRDA:73,13,1,0
BRDA:77,14,0,2
BRDA:77,14,1,0
BRDA:81,15,0,1
BRDA:81,15,1,4
BRDA:85,16,0,0
BRDA:85,16,1,5
BRDA:85,17,0,5
BRDA:85,17,1,0
BRDA:100,18,0,3
BRDA:100,18,1,2
BRF:38
BRH:22
end_of_record
